<?xml version="1.0" encoding="UTF-8"?>
<!-- Generated by org.testng.reporters.JUnitXMLReporter -->
<testsuite ignored="2" hostname="Swapnil" failures="0" tests="0" time="0.071" errors="0" timestamp="2023-05-21T13:31:07 IST">
  <testcase classname="Rahulshettyacademy.ExtentReport.Reports" name="loginOrm" time="0.0">
    <ignored/>
  </testcase> <!-- loginOrm -->
  <testcase classname="Rahulshettyacademy.ExtentReport.failureCase" name="failureRep" time="0.0">
    <ignored/>
  </testcase> <!-- failureRep -->
</testsuite>
